Analysis initiated from SIMULIA established products
Abaqus JOB Job-1
Abaqus 2025
Abaqus License Manager checked out the following licenses:
Abaqus/Standard checked out 5 tokens from Flexnet server swl01.civil.columbia.edu.
<315 out of 320 licenses remain available>.
Begin Analysis Input File Processor
12/17/2025 9:38:10 AM
Run pre.exe
12/17/2025 9:38:14 AM
End Analysis Input File Processor
Begin Abaqus/Standard Analysis
12/17/2025 9:38:14 AM
Run standard.exe
12/17/2025 9:38:18 AM
End Abaqus/Standard Analysis
Begin SIM Wrap-up
12/17/2025 9:38:20 AM
Run SMASimUtility.exe
12/17/2025 9:38:20 AM
End SIM Wrap-up
Abaqus JOB Job-1 COMPLETED
